<?xml version='1.0' encoding='UTF-8'?>
<testsuites name="results">
  <testsuite name="all" package="all" tests="0">
    <property name="random_seed" value="1518720359" />
    <testcase classname="lom_cocotb" name="run_test_001" ratio_time="0.2208458298230834" sim_time_ns="0.001" time="0.004528045654296875">
      <failure message="Test failed with random_seed=1518720359" stderr="" stdout="&quot;run_test() got an unexpected keyword argument 'backpressure_inserter'&quot;" />
    </testcase>
    <testcase classname="lom_cocotb" name="run_test_002" ratio_time="2.3147373068432673" sim_time_ns="0.001" time="0.00043201446533203125">
      <failure message="Test failed with random_seed=1518720359" stderr="" stdout="&quot;run_test() got an unexpected keyword argument 'backpressure_inserter'&quot;" />
    </testcase>
    <testcase classname="lom_cocotb" name="run_test_003" ratio_time="2.3629881690140846" sim_time_ns="0.001" time="0.00042319297790527344">
      <failure message="Test failed with random_seed=1518720359" stderr="" stdout="&quot;run_test() got an unexpected keyword argument 'backpressure_inserter'&quot;" />
    </testcase>
    <testcase classname="lom_cocotb" name="run_test_004" ratio_time="1.162823398946493" sim_time_ns="0.001" time="0.0008599758148193359">
      <failure message="Test failed with random_seed=1518720359" stderr="" stdout="&quot;run_test() got an unexpected keyword argument 'backpressure_inserter'&quot;" />
    </testcase>
    <testcase classname="lom_cocotb" name="run_test_005" ratio_time="0.7999816898722106" sim_time_ns="0.001" time="0.0012500286102294922">
      <failure message="Test failed with random_seed=1518720359" stderr="" stdout="&quot;run_test() got an unexpected keyword argument 'backpressure_inserter'&quot;" />
    </testcase>
    <testcase classname="lom_cocotb" name="run_test_006" ratio_time="0.7758608953015168" sim_time_ns="0.001" time="0.0012888908386230469">
      <failure message="Test failed with random_seed=1518720359" stderr="" stdout="&quot;run_test() got an unexpected keyword argument 'backpressure_inserter'&quot;" />
    </testcase>
    <testcase classname="lom_cocotb" name="run_test_007" ratio_time="1.8867764282501125" sim_time_ns="0.001" time="0.0005300045013427734">
      <failure message="Test failed with random_seed=1518720359" stderr="" stdout="&quot;run_test() got an unexpected keyword argument 'backpressure_inserter'&quot;" />
    </testcase>
    <testcase classname="lom_cocotb" name="run_test_008" ratio_time="2.227458311205523" sim_time_ns="0.001" time="0.0004489421844482422">
      <failure message="Test failed with random_seed=1518720359" stderr="" stdout="&quot;run_test() got an unexpected keyword argument 'backpressure_inserter'&quot;" />
    </testcase>
    <testcase classname="lom_cocotb" name="run_test_009" ratio_time="2.1879520083463766" sim_time_ns="0.0010000000000000009" time="0.0004570484161376953">
      <failure message="Test failed with random_seed=1518720359" stderr="" stdout="&quot;run_test() got an unexpected keyword argument 'backpressure_inserter'&quot;" />
    </testcase>
    <testcase classname="lom_cocotb" name="run_test_010" ratio_time="0.8217680250783692" sim_time_ns="0.0009999999999999992" time="0.001216888427734375">
      <failure message="Test failed with random_seed=1518720359" stderr="" stdout="&quot;run_test() got an unexpected keyword argument 'backpressure_inserter'&quot;" />
    </testcase>
    <testcase classname="lom_cocotb" name="run_test_011" ratio_time="2.0490004885197832" sim_time_ns="0.0009999999999999992" time="0.00048804283142089844">
      <failure message="Test failed with random_seed=1518720359" stderr="" stdout="&quot;run_test() got an unexpected keyword argument 'backpressure_inserter'&quot;" />
    </testcase>
    <testcase classname="lom_cocotb" name="run_test_012" ratio_time="2.1879520083463766" sim_time_ns="0.0010000000000000009" time="0.0004570484161376953">
      <failure message="Test failed with random_seed=1518720359" stderr="" stdout="&quot;run_test() got an unexpected keyword argument 'backpressure_inserter'&quot;" />
    </testcase>
    <testcase classname="lom_cocotb" name="run_test_013" ratio_time="2.020377649325628" sim_time_ns="0.0010000000000000009" time="0.0004949569702148438">
      <failure message="Test failed with random_seed=1518720359" stderr="" stdout="&quot;run_test() got an unexpected keyword argument 'backpressure_inserter'&quot;" />
    </testcase>
    <testcase classname="lom_cocotb" name="run_test_014" ratio_time="2.146522006141247" sim_time_ns="0.0009999999999999992" time="0.0004658699035644531">
      <failure message="Test failed with random_seed=1518720359" stderr="" stdout="&quot;run_test() got an unexpected keyword argument 'backpressure_inserter'&quot;" />
    </testcase>
    <testcase classname="lom_cocotb" name="run_test_015" ratio_time="2.2322001064395938" sim_time_ns="0.0009999999999999992" time="0.00044798851013183594">
      <failure message="Test failed with random_seed=1518720359" stderr="" stdout="&quot;run_test() got an unexpected keyword argument 'backpressure_inserter'&quot;" />
    </testcase>
    <testcase classname="lom_cocotb" name="run_test_016" ratio_time="2.4385488372093045" sim_time_ns="0.0010000000000000009" time="0.0004100799560546875">
      <failure message="Test failed with random_seed=1518720359" stderr="" stdout="&quot;run_test() got an unexpected keyword argument 'backpressure_inserter'&quot;" />
    </testcase>
    <testcase classname="lom_cocotb" name="wavedrom_test" ratio_time="2294.1279918325677" sim_time_ns="15.001" time="0.006538867950439453" />
  </testsuite>
</testsuites>
